[0823/145900:ERROR:process_info.cc(608)] range at 0xfffde000, size 0x230 fully unreadable
[0823/145900:ERROR:process_reader_win.cc(233)] ReadMemory at 0xfffde000 of 560 bytes failed: Only part of a ReadProcessMemory or WriteProcessMemory request was completed. (0x12B)
[0823/145900:ERROR:process_snapshot_win.cc(359)] ReadMemory PEB
[0823/145900:ERROR:process_reader_win.cc(233)] ReadMemory at 0x260000 of 64 bytes failed: Only part of a ReadProcessMemory or WriteProcessMemory request was completed. (0x12B)
[0823/145900:WARNING:pe_image_reader.cc(281)] could not read dos header from C:\Program Files (x86)\Google\Chrome\Application\chrome.exe
[0823/145900:ERROR:process_reader_win.cc(233)] ReadMemory at 0x77bc0000 of 64 bytes failed: Only part of a ReadProcessMemory or WriteProcessMemory request was completed. (0x12B)
[0823/145900:WARNING:pe_image_reader.cc(281)] could not read dos header from C:\Windows\SysWOW64\ntdll.dll
[0823/145900:ERROR:process_reader_win.cc(233)] ReadMemory at 0x75e50000 of 64 bytes failed: Only part of a ReadProcessMemory or WriteProcessMemory request was completed. (0x12B)
[0823/145900:WARNING:pe_image_reader.cc(281)] could not read dos header from C:\Windows\syswow64\KERNELBASE.dll
[0823/145900:ERROR:process_reader_win.cc(233)] ReadMemory at 0x75a60000 of 64 bytes failed: Only part of a ReadProcessMemory or WriteProcessMemory request was completed. (0x12B)
[0823/145900:WARNING:pe_image_reader.cc(281)] could not read dos header from C:\Windows\syswow64\kernel32.dll
[0823/145900:ERROR:process_reader_win.cc(233)] ReadMemory at 0x775f0000 of 64 bytes failed: Only part of a ReadProcessMemory or WriteProcessMemory request was completed. (0x12B)
[0823/145900:WARNING:pe_image_reader.cc(281)] could not read dos header from C:\Windows\syswow64\msvcrt.dll
[0823/145900:ERROR:process_reader_win.cc(233)] ReadMemory at 0x754c0000 of 64 bytes failed: Only part of a ReadProcessMemory or WriteProcessMemory request was completed. (0x12B)
[0823/145900:WARNING:pe_image_reader.cc(281)] could not read dos header from C:\Windows\syswow64\CRYPTBASE.dll
[0823/145900:ERROR:process_reader_win.cc(233)] ReadMemory at 0x754d0000 of 64 bytes failed: Only part of a ReadProcessMemory or WriteProcessMemory request was completed. (0x12B)
[0823/145900:WARNING:pe_image_reader.cc(281)] could not read dos header from C:\Windows\syswow64\SspiCli.dll
[0823/145900:ERROR:process_reader_win.cc(233)] ReadMemory at 0x77500000 of 64 bytes failed: Only part of a ReadProcessMemory or WriteProcessMemory request was completed. (0x12B)
[0823/145900:WARNING:pe_image_reader.cc(281)] could not read dos header from C:\Windows\syswow64\RPCRT4.dll
[0823/145900:ERROR:process_reader_win.cc(233)] ReadMemory at 0x77160000 of 64 bytes failed: Only part of a ReadProcessMemory or WriteProcessMemory request was completed. (0x12B)
[0823/145900:WARNING:pe_image_reader.cc(281)] could not read dos header from C:\Windows\SysWOW64\sechost.dll
[0823/145900:ERROR:process_reader_win.cc(233)] ReadMemory at 0x75ea0000 of 64 bytes failed: Only part of a ReadProcessMemory or WriteProcessMemory request was completed. (0x12B)
[0823/145900:WARNING:pe_image_reader.cc(281)] could not read dos header from C:\Windows\syswow64\ADVAPI32.dll
[0823/145900:ERROR:process_reader_win.cc(233)] ReadMemory at 0x75330000 of 64 bytes failed: Only part of a ReadProcessMemory or WriteProcessMemory request was completed. (0x12B)
[0823/145900:WARNING:pe_image_reader.cc(281)] could not read dos header from C:\Program Files (x86)\Google\Chrome\Application\52.0.2743.116\chrome_elf.dll
[0823/145900:ERROR:process_reader_win.cc(233)] ReadMemory at 0x73ed0000 of 64 bytes failed: Only part of a ReadProcessMemory or WriteProcessMemory request was completed. (0x12B)
[0823/145900:WARNING:pe_image_reader.cc(281)] could not read dos header from C:\Windows\system32\VERSION.dll
[0823/145900:ERROR:process_reader_win.cc(233)] ReadMemory at 0x76e10000 of 64 bytes failed: Only part of a ReadProcessMemory or WriteProcessMemory request was completed. (0x12B)
[0823/145900:WARNING:pe_image_reader.cc(281)] could not read dos header from C:\Windows\syswow64\USP10.dll
[0823/145900:ERROR:process_reader_win.cc(233)] ReadMemory at 0x77390000 of 64 bytes failed: Only part of a ReadProcessMemory or WriteProcessMemory request was completed. (0x12B)
[0823/145900:WARNING:pe_image_reader.cc(281)] could not read dos header from C:\Windows\syswow64\LPK.dll
[0823/145900:ERROR:process_reader_win.cc(233)] ReadMemory at 0x76f20000 of 64 bytes failed: Only part of a ReadProcessMemory or WriteProcessMemory request was completed. (0x12B)
[0823/145900:WARNING:pe_image_reader.cc(281)] could not read dos header from C:\Windows\syswow64\GDI32.dll
[0823/145900:ERROR:process_reader_win.cc(233)] ReadMemory at 0x756d0000 of 64 bytes failed: Only part of a ReadProcessMemory or WriteProcessMemory request was completed. (0x12B)
[0823/145900:WARNING:pe_image_reader.cc(281)] could not read dos header from C:\Windows\syswow64\USER32.dll
[0823/145900:ERROR:process_reader_win.cc(233)] ReadMemory at 0x71980000 of 64 bytes failed: Only part of a ReadProcessMemory or WriteProcessMemory request was completed. (0x12B)
[0823/145900:WARNING:pe_image_reader.cc(281)] could not read dos header from C:\Windows\system32\WINMM.dll
[0823/145900:ERROR:process_reader_win.cc(233)] ReadMemory at 0x776a0000 of 64 bytes failed: Only part of a ReadProcessMemory or WriteProcessMemory request was completed. (0x12B)
[0823/145900:WARNING:pe_image_reader.cc(281)] could not read dos header from C:\Windows\syswow64\profapi.dll
[0823/145900:ERROR:process_reader_win.cc(233)] ReadMemory at 0x75560000 of 64 bytes failed: Only part of a ReadProcessMemory or WriteProcessMemory request was completed. (0x12B)
[0823/145900:WARNING:pe_image_reader.cc(281)] could not read dos header from C:\Windows\syswow64\USERENV.dll
[0823/145900:ERROR:process_reader_win.cc(233)] ReadMemory at 0x718a0000 of 64 bytes failed: Only part of a ReadProcessMemory or WriteProcessMemory request was completed. (0x12B)
[0823/145900:WARNING:pe_image_reader.cc(281)] could not read dos header from C:\Windows\system32\WTSAPI32.dll
[0823/145900:ERROR:process_reader_win.cc(233)] ReadMemory at 0x73e20000 of 64 bytes failed: Only part of a ReadProcessMemory or WriteProcessMemory request was completed. (0x12B)
[0823/145900:WARNING:pe_image_reader.cc(281)] could not read dos header from C:\Windows\system32\webio.dll
[0823/145900:ERROR:process_reader_win.cc(233)] ReadMemory at 0x73e70000 of 64 bytes failed: Only part of a ReadProcessMemory or WriteProcessMemory request was completed. (0x12B)
[0823/145900:WARNING:pe_image_reader.cc(281)] could not read dos header from C:\Windows\system32\WINHTTP.dll
[0823/145900:ERROR:process_reader_win.cc(233)] ReadMemory at 0x75240000 of 64 bytes failed: Only part of a ReadProcessMemory or WriteProcessMemory request was completed. (0x12B)
[0823/145900:WARNING:pe_image_reader.cc(281)] could not read dos header from C:\Windows\system32\api-ms-win-core-synch-l1-2-0.DLL
[0823/145900:ERROR:process_reader_win.cc(233)] ReadMemory at 0x76d40000 of 64 bytes failed: Only part of a ReadProcessMemory or WriteProcessMemory request was completed. (0x12B)
[0823/145900:WARNING:pe_image_reader.cc(281)] could not read dos header from C:\Windows\syswow64\MSCTF.dll
[0823/145900:ERROR:process_reader_win.cc(233)] ReadMemory at 0x75f50000 of 64 bytes failed: Only part of a ReadProcessMemory or WriteProcessMemory request was completed. (0x12B)
[0823/145900:WARNING:pe_image_reader.cc(281)] could not read dos header from C:\Windows\system32\IMM32.DLL
[0823/145900:ERROR:process_reader_win.cc(233)] ReadMemory at 0x776b0000 of 64 bytes failed: Only part of a ReadProcessMemory or WriteProcessMemory request was completed. (0x12B)
[0823/145900:WARNING:pe_image_reader.cc(281)] could not read dos header from C:\Windows\syswow64\SHLWAPI.dll
[0823/145900:ERROR:process_reader_win.cc(233)] ReadMemory at 0x75fd0000 of 64 bytes failed: Only part of a ReadProcessMemory or WriteProcessMemory request was completed. (0x12B)
[0823/145900:WARNING:pe_image_reader.cc(281)] could not read dos header from C:\Windows\syswow64\SHELL32.dll
[0823/145900:ERROR:process_reader_win.cc(233)] ReadMemory at 0x77150000 of 64 bytes failed: Only part of a ReadProcessMemory or WriteProcessMemory request was completed. (0x12B)
[0823/145900:WARNING:pe_image_reader.cc(281)] could not read dos header from C:\Windows\syswow64\PSAPI.DLL
[0823/145900:ERROR:process_reader_win.cc(233)] ReadMemory at 0x71bb0000 of 64 bytes failed: Only part of a ReadProcessMemory or WriteProcessMemory request was completed. (0x12B)
[0823/145900:WARNING:pe_image_reader.cc(281)] could not read dos header from C:\Windows\system32\WINSPOOL.DRV
[0823/145900:ERROR:process_reader_win.cc(233)] ReadMemory at 0x71fb0000 of 64 bytes failed: Only part of a ReadProcessMemory or WriteProcessMemory request was completed. (0x12B)
[0823/145900:WARNING:pe_image_reader.cc(281)] could not read dos header from C:\Windows\WinSxS\x86_microsoft.windows.common-controls_6595b64144ccf1df_6.0.7601.18837_none_41e855142bd5705d\COMCTL32.dll
[0823/145900:ERROR:process_reader_win.cc(233)] ReadMemory at 0x771e0000 of 64 bytes failed: Only part of a ReadProcessMemory or WriteProcessMemory request was completed. (0x12B)
[0823/145900:WARNING:pe_image_reader.cc(281)] could not read dos header from C:\Windows\syswow64\COMDLG32.dll
[0823/145900:ERROR:process_reader_win.cc(233)] ReadMemory at 0x773a0000 of 64 bytes failed: Only part of a ReadProcessMemory or WriteProcessMemory request was completed. (0x12B)
[0823/145900:WARNING:pe_image_reader.cc(281)] could not read dos header from C:\Windows\syswow64\ole32.dll
[0823/145900:ERROR:process_reader_win.cc(233)] ReadMemory at 0x76c80000 of 64 bytes failed: Only part of a ReadProcessMemory or WriteProcessMemory request was completed. (0x12B)
[0823/145900:WARNING:pe_image_reader.cc(281)] could not read dos header from C:\Windows\syswow64\OLEAUT32.dll
[0823/145900:ERROR:process_reader_win.cc(233)] ReadMemory at 0x77b90000 of 64 bytes failed: Only part of a ReadProcessMemory or WriteProcessMemory request was completed. (0x12B)
[0823/145900:WARNING:pe_image_reader.cc(281)] could not read dos header from C:\Windows\syswow64\NSI.dll
[0823/145900:ERROR:process_reader_win.cc(233)] ReadMemory at 0x716f0000 of 64 bytes failed: Only part of a ReadProcessMemory or WriteProcessMemory request was completed. (0x12B)
[0823/145900:WARNING:pe_image_reader.cc(281)] could not read dos header from C:\Windows\system32\WINNSI.DLL
[0823/145900:ERROR:process_reader_win.cc(233)] ReadMemory at 0x71700000 of 64 bytes failed: Only part of a ReadProcessMemory or WriteProcessMemory request was completed. (0x12B)
[0823/145900:WARNING:pe_image_reader.cc(281)] could not read dos header from C:\Windows\system32\IPHLPAPI.DLL
[0823/145900:ERROR:process_reader_win.cc(233)] ReadMemory at 0x76eb0000 of 64 bytes failed: Only part of a ReadProcessMemory or WriteProcessMemory request was completed. (0x12B)
[0823/145900:WARNING:pe_image_reader.cc(281)] could not read dos header from C:\Windows\syswow64\WS2_32.dll
[0823/145900:ERROR:process_reader_win.cc(233)] ReadMemory at 0x77720000 of 64 bytes failed: Only part of a ReadProcessMemory or WriteProcessMemory request was completed. (0x12B)
[0823/145900:WARNING:pe_image_reader.cc(281)] could not read dos header from C:\Windows\syswow64\MSASN1.dll
[0823/145900:ERROR:process_reader_win.cc(233)] ReadMemory at 0x77260000 of 64 bytes failed: Only part of a ReadProcessMemory or WriteProcessMemory request was completed. (0x12B)
[0823/145900:WARNING:pe_image_reader.cc(281)] could not read dos header from C:\Windows\syswow64\CRYPT32.dll
[0823/145900:ERROR:process_reader_win.cc(233)] ReadMemory at 0x76d10000 of 64 bytes failed: Only part of a ReadProcessMemory or WriteProcessMemory request was completed. (0x12B)
[0823/145900:WARNING:pe_image_reader.cc(281)] could not read dos header from C:\Windows\syswow64\WINTRUST.dll
[0823/145900:ERROR:process_reader_win.cc(233)] ReadMemory at 0x71470000 of 64 bytes failed: Only part of a ReadProcessMemory or WriteProcessMemory request was completed. (0x12B)
[0823/145900:WARNING:pe_image_reader.cc(281)] could not read dos header from C:\Windows\system32\Secur32.dll
[0823/145900:ERROR:process_reader_win.cc(233)] ReadMemory at 0xff50000 of 64 bytes failed: Only part of a ReadProcessMemory or WriteProcessMemory request was completed. (0x12B)
[0823/145900:WARNING:pe_image_reader.cc(281)] could not read dos header from C:\Program Files (x86)\Google\Chrome\Application\52.0.2743.116\chrome_child.dll
[0823/145900:ERROR:process_reader_win.cc(233)] ReadMemory at 0x69810000 of 64 bytes failed: Only part of a ReadProcessMemory or WriteProcessMemory request was completed. (0x12B)
[0823/145900:WARNING:pe_image_reader.cc(281)] could not read dos header from C:\Windows\system32\dwrite.dll
[0823/145900:ERROR:process_reader_win.cc(233)] ReadMemory at 0x77cc5120 of 5888 bytes failed: Only part of a ReadProcessMemory or WriteProcessMemory request was completed. (0x12B)
[0823/145900:ERROR:process_reader_win.cc(233)] ReadMemory at 0x260000 of 64 bytes failed: Only part of a ReadProcessMemory or WriteProcessMemory request was completed. (0x12B)
[0823/145900:WARNING:pe_image_reader.cc(281)] could not read dos header from C:\Program Files (x86)\Google\Chrome\Application\chrome.exe
[0823/145900:ERROR:process_reader_win.cc(233)] ReadMemory at 0x77bc0000 of 64 bytes failed: Only part of a ReadProcessMemory or WriteProcessMemory request was completed. (0x12B)
[0823/145900:WARNING:pe_image_reader.cc(281)] could not read dos header from C:\Windows\SysWOW64\ntdll.dll
[0823/145900:ERROR:process_reader_win.cc(233)] ReadMemory at 0x75e50000 of 64 bytes failed: Only part of a ReadProcessMemory or WriteProcessMemory request was completed. (0x12B)
[0823/145900:WARNING:pe_image_reader.cc(281)] could not read dos header from C:\Windows\syswow64\KERNELBASE.dll
[0823/145900:ERROR:process_reader_win.cc(233)] ReadMemory at 0x75a60000 of 64 bytes failed: Only part of a ReadProcessMemory or WriteProcessMemory request was completed. (0x12B)
[0823/145900:WARNING:pe_image_reader.cc(281)] could not read dos header from C:\Windows\syswow64\kernel32.dll
[0823/145900:ERROR:process_reader_win.cc(233)] ReadMemory at 0x775f0000 of 64 bytes failed: Only part of a ReadProcessMemory or WriteProcessMemory request was completed. (0x12B)
[0823/145900:WARNING:pe_image_reader.cc(281)] could not read dos header from C:\Windows\syswow64\msvcrt.dll
[0823/145900:ERROR:process_reader_win.cc(233)] ReadMemory at 0x754c0000 of 64 bytes failed: Only part of a ReadProcessMemory or WriteProcessMemory request was completed. (0x12B)
[0823/145900:WARNING:pe_image_reader.cc(281)] could not read dos header from C:\Windows\syswow64\CRYPTBASE.dll
[0823/145900:ERROR:process_reader_win.cc(233)] ReadMemory at 0x754d0000 of 64 bytes failed: Only part of a ReadProcessMemory or WriteProcessMemory request was completed. (0x12B)
[0823/145900:WARNING:pe_image_reader.cc(281)] could not read dos header from C:\Windows\syswow64\SspiCli.dll
[0823/145900:ERROR:process_reader_win.cc(233)] ReadMemory at 0x77500000 of 64 bytes failed: Only part of a ReadProcessMemory or WriteProcessMemory request was completed. (0x12B)
[0823/145900:WARNING:pe_image_reader.cc(281)] could not read dos header from C:\Windows\syswow64\RPCRT4.dll
[0823/145900:ERROR:process_reader_win.cc(233)] ReadMemory at 0x77160000 of 64 bytes failed: Only part of a ReadProcessMemory or WriteProcessMemory request was completed. (0x12B)
[0823/145900:WARNING:pe_image_reader.cc(281)] could not read dos header from C:\Windows\SysWOW64\sechost.dll
[0823/145900:ERROR:process_reader_win.cc(233)] ReadMemory at 0x75ea0000 of 64 bytes failed: Only part of a ReadProcessMemory or WriteProcessMemory request was completed. (0x12B)
[0823/145900:WARNING:pe_image_reader.cc(281)] could not read dos header from C:\Windows\syswow64\ADVAPI32.dll
[0823/145900:ERROR:process_reader_win.cc(233)] ReadMemory at 0x75330000 of 64 bytes failed: Only part of a ReadProcessMemory or WriteProcessMemory request was completed. (0x12B)
[0823/145900:WARNING:pe_image_reader.cc(281)] could not read dos header from C:\Program Files (x86)\Google\Chrome\Application\52.0.2743.116\chrome_elf.dll
[0823/145900:ERROR:process_reader_win.cc(233)] ReadMemory at 0x73ed0000 of 64 bytes failed: Only part of a ReadProcessMemory or WriteProcessMemory request was completed. (0x12B)
[0823/145900:WARNING:pe_image_reader.cc(281)] could not read dos header from C:\Windows\system32\VERSION.dll
[0823/145900:ERROR:process_reader_win.cc(233)] ReadMemory at 0x76e10000 of 64 bytes failed: Only part of a ReadProcessMemory or WriteProcessMemory request was completed. (0x12B)
[0823/145900:WARNING:pe_image_reader.cc(281)] could not read dos header from C:\Windows\syswow64\USP10.dll
[0823/145900:ERROR:process_reader_win.cc(233)] ReadMemory at 0x77390000 of 64 bytes failed: Only part of a ReadProcessMemory or WriteProcessMemory request was completed. (0x12B)
[0823/145900:WARNING:pe_image_reader.cc(281)] could not read dos header from C:\Windows\syswow64\LPK.dll
[0823/145900:ERROR:process_reader_win.cc(233)] ReadMemory at 0x76f20000 of 64 bytes failed: Only part of a ReadProcessMemory or WriteProcessMemory request was completed. (0x12B)
[0823/145900:WARNING:pe_image_reader.cc(281)] could not read dos header from C:\Windows\syswow64\GDI32.dll
[0823/145900:ERROR:process_reader_win.cc(233)] ReadMemory at 0x756d0000 of 64 bytes failed: Only part of a ReadProcessMemory or WriteProcessMemory request was completed. (0x12B)
[0823/145900:WARNING:pe_image_reader.cc(281)] could not read dos header from C:\Windows\syswow64\USER32.dll
[0823/145900:ERROR:process_reader_win.cc(233)] ReadMemory at 0x71980000 of 64 bytes failed: Only part of a ReadProcessMemory or WriteProcessMemory request was completed. (0x12B)
[0823/145900:WARNING:pe_image_reader.cc(281)] could not read dos header from C:\Windows\system32\WINMM.dll
[0823/145900:ERROR:process_reader_win.cc(233)] ReadMemory at 0x776a0000 of 64 bytes failed: Only part of a ReadProcessMemory or WriteProcessMemory request was completed. (0x12B)
[0823/145900:WARNING:pe_image_reader.cc(281)] could not read dos header from C:\Windows\syswow64\profapi.dll
[0823/145900:ERROR:process_reader_win.cc(233)] ReadMemory at 0x75560000 of 64 bytes failed: Only part of a ReadProcessMemory or WriteProcessMemory request was completed. (0x12B)
[0823/145900:WARNING:pe_image_reader.cc(281)] could not read dos header from C:\Windows\syswow64\USERENV.dll
[0823/145900:ERROR:process_reader_win.cc(233)] ReadMemory at 0x718a0000 of 64 bytes failed: Only part of a ReadProcessMemory or WriteProcessMemory request was completed. (0x12B)
[0823/145900:WARNING:pe_image_reader.cc(281)] could not read dos header from C:\Windows\system32\WTSAPI32.dll
[0823/145900:ERROR:process_reader_win.cc(233)] ReadMemory at 0x73e20000 of 64 bytes failed: Only part of a ReadProcessMemory or WriteProcessMemory request was completed. (0x12B)
[0823/145900:WARNING:pe_image_reader.cc(281)] could not read dos header from C:\Windows\system32\webio.dll
[0823/145900:ERROR:process_reader_win.cc(233)] ReadMemory at 0x73e70000 of 64 bytes failed: Only part of a ReadProcessMemory or WriteProcessMemory request was completed. (0x12B)
[0823/145900:WARNING:pe_image_reader.cc(281)] could not read dos header from C:\Windows\system32\WINHTTP.dll
[0823/145900:ERROR:process_reader_win.cc(233)] ReadMemory at 0x75240000 of 64 bytes failed: Only part of a ReadProcessMemory or WriteProcessMemory request was completed. (0x12B)
[0823/145900:WARNING:pe_image_reader.cc(281)] could not read dos header from C:\Windows\system32\api-ms-win-core-synch-l1-2-0.DLL
[0823/145900:ERROR:process_reader_win.cc(233)] ReadMemory at 0x76d40000 of 64 bytes failed: Only part of a ReadProcessMemory or WriteProcessMemory request was completed. (0x12B)
[0823/145900:WARNING:pe_image_reader.cc(281)] could not read dos header from C:\Windows\syswow64\MSCTF.dll
[0823/145900:ERROR:process_reader_win.cc(233)] ReadMemory at 0x75f50000 of 64 bytes failed: Only part of a ReadProcessMemory or WriteProcessMemory request was completed. (0x12B)
[0823/145900:WARNING:pe_image_reader.cc(281)] could not read dos header from C:\Windows\system32\IMM32.DLL
[0823/145900:ERROR:process_reader_win.cc(233)] ReadMemory at 0x776b0000 of 64 bytes failed: Only part of a ReadProcessMemory or WriteProcessMemory request was completed. (0x12B)
[0823/145900:WARNING:pe_image_reader.cc(281)] could not read dos header from C:\Windows\syswow64\SHLWAPI.dll
[0823/145900:ERROR:process_reader_win.cc(233)] ReadMemory at 0x75fd0000 of 64 bytes failed: Only part of a ReadProcessMemory or WriteProcessMemory request was completed. (0x12B)
[0823/145900:WARNING:pe_image_reader.cc(281)] could not read dos header from C:\Windows\syswow64\SHELL32.dll
[0823/145900:ERROR:process_reader_win.cc(233)] ReadMemory at 0x77150000 of 64 bytes failed: Only part of a ReadProcessMemory or WriteProcessMemory request was completed. (0x12B)
[0823/145900:WARNING:pe_image_reader.cc(281)] could not read dos header from C:\Windows\syswow64\PSAPI.DLL
[0823/145900:ERROR:process_reader_win.cc(233)] ReadMemory at 0x71bb0000 of 64 bytes failed: Only part of a ReadProcessMemory or WriteProcessMemory request was completed. (0x12B)
[0823/145900:WARNING:pe_image_reader.cc(281)] could not read dos header from C:\Windows\system32\WINSPOOL.DRV
[0823/145900:ERROR:process_reader_win.cc(233)] ReadMemory at 0x71fb0000 of 64 bytes failed: Only part of a ReadProcessMemory or WriteProcessMemory request was completed. (0x12B)
[0823/145900:WARNING:pe_image_reader.cc(281)] could not read dos header from C:\Windows\WinSxS\x86_microsoft.windows.common-controls_6595b64144ccf1df_6.0.7601.18837_none_41e855142bd5705d\COMCTL32.dll
[0823/145900:ERROR:process_reader_win.cc(233)] ReadMemory at 0x771e0000 of 64 bytes failed: Only part of a ReadProcessMemory or WriteProcessMemory request was completed. (0x12B)
[0823/145900:WARNING:pe_image_reader.cc(281)] could not read dos header from C:\Windows\syswow64\COMDLG32.dll
[0823/145900:ERROR:process_reader_win.cc(233)] ReadMemory at 0x773a0000 of 64 bytes failed: Only part of a ReadProcessMemory or WriteProcessMemory request was completed. (0x12B)
[0823/145900:WARNING:pe_image_reader.cc(281)] could not read dos header from C:\Windows\syswow64\ole32.dll
[0823/145900:ERROR:process_reader_win.cc(233)] ReadMemory at 0x76c80000 of 64 bytes failed: Only part of a ReadProcessMemory or WriteProcessMemory request was completed. (0x12B)
[0823/145900:WARNING:pe_image_reader.cc(281)] could not read dos header from C:\Windows\syswow64\OLEAUT32.dll
[0823/145900:ERROR:process_reader_win.cc(233)] ReadMemory at 0x77b90000 of 64 bytes failed: Only part of a ReadProcessMemory or WriteProcessMemory request was completed. (0x12B)
[0823/145900:WARNING:pe_image_reader.cc(281)] could not read dos header from C:\Windows\syswow64\NSI.dll
[0823/145900:ERROR:process_reader_win.cc(233)] ReadMemory at 0x716f0000 of 64 bytes failed: Only part of a ReadProcessMemory or WriteProcessMemory request was completed. (0x12B)
[0823/145900:WARNING:pe_image_reader.cc(281)] could not read dos header from C:\Windows\system32\WINNSI.DLL
[0823/145900:ERROR:process_reader_win.cc(233)] ReadMemory at 0x71700000 of 64 bytes failed: Only part of a ReadProcessMemory or WriteProcessMemory request was completed. (0x12B)
[0823/145900:WARNING:pe_image_reader.cc(281)] could not read dos header from C:\Windows\system32\IPHLPAPI.DLL
[0823/145900:ERROR:process_reader_win.cc(233)] ReadMemory at 0x76eb0000 of 64 bytes failed: Only part of a ReadProcessMemory or WriteProcessMemory request was completed. (0x12B)
[0823/145900:WARNING:pe_image_reader.cc(281)] could not read dos header from C:\Windows\syswow64\WS2_32.dll
[0823/145900:ERROR:process_reader_win.cc(233)] ReadMemory at 0x77720000 of 64 bytes failed: Only part of a ReadProcessMemory or WriteProcessMemory request was completed. (0x12B)
[0823/145900:WARNING:pe_image_reader.cc(281)] could not read dos header from C:\Windows\syswow64\MSASN1.dll
[0823/145900:ERROR:process_reader_win.cc(233)] ReadMemory at 0x77260000 of 64 bytes failed: Only part of a ReadProcessMemory or WriteProcessMemory request was completed. (0x12B)
[0823/145900:WARNING:pe_image_reader.cc(281)] could not read dos header from C:\Windows\syswow64\CRYPT32.dll
[0823/145900:ERROR:process_reader_win.cc(233)] ReadMemory at 0x76d10000 of 64 bytes failed: Only part of a ReadProcessMemory or WriteProcessMemory request was completed. (0x12B)
[0823/145900:WARNING:pe_image_reader.cc(281)] could not read dos header from C:\Windows\syswow64\WINTRUST.dll
[0823/145900:ERROR:process_reader_win.cc(233)] ReadMemory at 0x71470000 of 64 bytes failed: Only part of a ReadProcessMemory or WriteProcessMemory request was completed. (0x12B)
[0823/145900:WARNING:pe_image_reader.cc(281)] could not read dos header from C:\Windows\system32\Secur32.dll
[0823/145900:ERROR:process_reader_win.cc(233)] ReadMemory at 0xff50000 of 64 bytes failed: Only part of a ReadProcessMemory or WriteProcessMemory request was completed. (0x12B)
[0823/145900:WARNING:pe_image_reader.cc(281)] could not read dos header from C:\Program Files (x86)\Google\Chrome\Application\52.0.2743.116\chrome_child.dll
[0823/145900:ERROR:process_reader_win.cc(233)] ReadMemory at 0x69810000 of 64 bytes failed: Only part of a ReadProcessMemory or WriteProcessMemory request was completed. (0x12B)
[0823/145900:WARNING:pe_image_reader.cc(281)] could not read dos header from C:\Windows\system32\dwrite.dll
[0823/145900:ERROR:process_reader_win.cc(99)] process 4016 not found
[0823/145900:ERROR:process_reader_win.cc(233)] ReadMemory at 0x260000 of 64 bytes failed: Only part of a ReadProcessMemory or WriteProcessMemory request was completed. (0x12B)
[0823/145900:WARNING:pe_image_reader.cc(281)] could not read dos header from C:\Program Files (x86)\Google\Chrome\Application\chrome.exe
[0823/145900:ERROR:process_reader_win.cc(233)] ReadMemory at 0x77bc0000 of 64 bytes failed: Only part of a ReadProcessMemory or WriteProcessMemory request was completed. (0x12B)
[0823/145900:WARNING:pe_image_reader.cc(281)] could not read dos header from C:\Windows\SysWOW64\ntdll.dll
[0823/145900:ERROR:process_reader_win.cc(233)] ReadMemory at 0x75e50000 of 64 bytes failed: Only part of a ReadProcessMemory or WriteProcessMemory request was completed. (0x12B)
[0823/145900:WARNING:pe_image_reader.cc(281)] could not read dos header from C:\Windows\syswow64\KERNELBASE.dll
[0823/145900:ERROR:process_reader_win.cc(233)] ReadMemory at 0x75a60000 of 64 bytes failed: Only part of a ReadProcessMemory or WriteProcessMemory request was completed. (0x12B)
[0823/145900:WARNING:pe_image_reader.cc(281)] could not read dos header from C:\Windows\syswow64\kernel32.dll
[0823/145900:ERROR:process_reader_win.cc(233)] ReadMemory at 0x775f0000 of 64 bytes failed: Only part of a ReadProcessMemory or WriteProcessMemory request was completed. (0x12B)
[0823/145900:WARNING:pe_image_reader.cc(281)] could not read dos header from C:\Windows\syswow64\msvcrt.dll
[0823/145900:ERROR:process_reader_win.cc(233)] ReadMemory at 0x754c0000 of 64 bytes failed: Only part of a ReadProcessMemory or WriteProcessMemory request was completed. (0x12B)
[0823/145900:WARNING:pe_image_reader.cc(281)] could not read dos header from C:\Windows\syswow64\CRYPTBASE.dll
[0823/145900:ERROR:process_reader_win.cc(233)] ReadMemory at 0x754d0000 of 64 bytes failed: Only part of a ReadProcessMemory or WriteProcessMemory request was completed. (0x12B)
[0823/145900:WARNING:pe_image_reader.cc(281)] could not read dos header from C:\Windows\syswow64\SspiCli.dll
[0823/145900:ERROR:process_reader_win.cc(233)] ReadMemory at 0x77500000 of 64 bytes failed: Only part of a ReadProcessMemory or WriteProcessMemory request was completed. (0x12B)
[0823/145900:WARNING:pe_image_reader.cc(281)] could not read dos header from C:\Windows\syswow64\RPCRT4.dll
[0823/145900:ERROR:process_reader_win.cc(233)] ReadMemory at 0x77160000 of 64 bytes failed: Only part of a ReadProcessMemory or WriteProcessMemory request was completed. (0x12B)
[0823/145900:WARNING:pe_image_reader.cc(281)] could not read dos header from C:\Windows\SysWOW64\sechost.dll
[0823/145900:ERROR:process_reader_win.cc(233)] ReadMemory at 0x75ea0000 of 64 bytes failed: Only part of a ReadProcessMemory or WriteProcessMemory request was completed. (0x12B)
[0823/145900:WARNING:pe_image_reader.cc(281)] could not read dos header from C:\Windows\syswow64\ADVAPI32.dll
[0823/145900:ERROR:process_reader_win.cc(233)] ReadMemory at 0x75330000 of 64 bytes failed: Only part of a ReadProcessMemory or WriteProcessMemory request was completed. (0x12B)
[0823/145900:WARNING:pe_image_reader.cc(281)] could not read dos header from C:\Program Files (x86)\Google\Chrome\Application\52.0.2743.116\chrome_elf.dll
[0823/145900:ERROR:process_reader_win.cc(233)] ReadMemory at 0x73ed0000 of 64 bytes failed: Only part of a ReadProcessMemory or WriteProcessMemory request was completed. (0x12B)
[0823/145900:WARNING:pe_image_reader.cc(281)] could not read dos header from C:\Windows\system32\VERSION.dll
[0823/145900:ERROR:process_reader_win.cc(233)] ReadMemory at 0x76e10000 of 64 bytes failed: Only part of a ReadProcessMemory or WriteProcessMemory request was completed. (0x12B)
[0823/145900:WARNING:pe_image_reader.cc(281)] could not read dos header from C:\Windows\syswow64\USP10.dll
[0823/145900:ERROR:process_reader_win.cc(233)] ReadMemory at 0x77390000 of 64 bytes failed: Only part of a ReadProcessMemory or WriteProcessMemory request was completed. (0x12B)
[0823/145900:WARNING:pe_image_reader.cc(281)] could not read dos header from C:\Windows\syswow64\LPK.dll
[0823/145900:ERROR:process_reader_win.cc(233)] ReadMemory at 0x76f20000 of 64 bytes failed: Only part of a ReadProcessMemory or WriteProcessMemory request was completed. (0x12B)
[0823/145900:WARNING:pe_image_reader.cc(281)] could not read dos header from C:\Windows\syswow64\GDI32.dll
[0823/145900:ERROR:process_reader_win.cc(233)] ReadMemory at 0x756d0000 of 64 bytes failed: Only part of a ReadProcessMemory or WriteProcessMemory request was completed. (0x12B)
[0823/145900:WARNING:pe_image_reader.cc(281)] could not read dos header from C:\Windows\syswow64\USER32.dll
[0823/145900:ERROR:process_reader_win.cc(233)] ReadMemory at 0x71980000 of 64 bytes failed: Only part of a ReadProcessMemory or WriteProcessMemory request was completed. (0x12B)
[0823/145900:WARNING:pe_image_reader.cc(281)] could not read dos header from C:\Windows\system32\WINMM.dll
[0823/145900:ERROR:process_reader_win.cc(233)] ReadMemory at 0x776a0000 of 64 bytes failed: Only part of a ReadProcessMemory or WriteProcessMemory request was completed. (0x12B)
[0823/145900:WARNING:pe_image_reader.cc(281)] could not read dos header from C:\Windows\syswow64\profapi.dll
[0823/145900:ERROR:process_reader_win.cc(233)] ReadMemory at 0x75560000 of 64 bytes failed: Only part of a ReadProcessMemory or WriteProcessMemory request was completed. (0x12B)
[0823/145900:WARNING:pe_image_reader.cc(281)] could not read dos header from C:\Windows\syswow64\USERENV.dll
[0823/145900:ERROR:process_reader_win.cc(233)] ReadMemory at 0x718a0000 of 64 bytes failed: Only part of a ReadProcessMemory or WriteProcessMemory request was completed. (0x12B)
[0823/145900:WARNING:pe_image_reader.cc(281)] could not read dos header from C:\Windows\system32\WTSAPI32.dll
[0823/145900:ERROR:process_reader_win.cc(233)] ReadMemory at 0x73e20000 of 64 bytes failed: Only part of a ReadProcessMemory or WriteProcessMemory request was completed. (0x12B)
[0823/145900:WARNING:pe_image_reader.cc(281)] could not read dos header from C:\Windows\system32\webio.dll
[0823/145900:ERROR:process_reader_win.cc(233)] ReadMemory at 0x73e70000 of 64 bytes failed: Only part of a ReadProcessMemory or WriteProcessMemory request was completed. (0x12B)
[0823/145900:WARNING:pe_image_reader.cc(281)] could not read dos header from C:\Windows\system32\WINHTTP.dll
[0823/145900:ERROR:process_reader_win.cc(233)] ReadMemory at 0x75240000 of 64 bytes failed: Only part of a ReadProcessMemory or WriteProcessMemory request was completed. (0x12B)
[0823/145900:WARNING:pe_image_reader.cc(281)] could not read dos header from C:\Windows\system32\api-ms-win-core-synch-l1-2-0.DLL
[0823/145900:ERROR:process_reader_win.cc(233)] ReadMemory at 0x76d40000 of 64 bytes failed: Only part of a ReadProcessMemory or WriteProcessMemory request was completed. (0x12B)
[0823/145900:WARNING:pe_image_reader.cc(281)] could not read dos header from C:\Windows\syswow64\MSCTF.dll
[0823/145900:ERROR:process_reader_win.cc(233)] ReadMemory at 0x75f50000 of 64 bytes failed: Only part of a ReadProcessMemory or WriteProcessMemory request was completed. (0x12B)
[0823/145900:WARNING:pe_image_reader.cc(281)] could not read dos header from C:\Windows\system32\IMM32.DLL
[0823/145900:ERROR:process_reader_win.cc(233)] ReadMemory at 0x776b0000 of 64 bytes failed: Only part of a ReadProcessMemory or WriteProcessMemory request was completed. (0x12B)
[0823/145900:WARNING:pe_image_reader.cc(281)] could not read dos header from C:\Windows\syswow64\SHLWAPI.dll
[0823/145900:ERROR:process_reader_win.cc(233)] ReadMemory at 0x75fd0000 of 64 bytes failed: Only part of a ReadProcessMemory or WriteProcessMemory request was completed. (0x12B)
[0823/145900:WARNING:pe_image_reader.cc(281)] could not read dos header from C:\Windows\syswow64\SHELL32.dll
[0823/145900:ERROR:process_reader_win.cc(233)] ReadMemory at 0x77150000 of 64 bytes failed: Only part of a ReadProcessMemory or WriteProcessMemory request was completed. (0x12B)
[0823/145900:WARNING:pe_image_reader.cc(281)] could not read dos header from C:\Windows\syswow64\PSAPI.DLL
[0823/145900:ERROR:process_reader_win.cc(233)] ReadMemory at 0x71bb0000 of 64 bytes failed: Only part of a ReadProcessMemory or WriteProcessMemory request was completed. (0x12B)
[0823/145900:WARNING:pe_image_reader.cc(281)] could not read dos header from C:\Windows\system32\WINSPOOL.DRV
[0823/145900:ERROR:process_reader_win.cc(233)] ReadMemory at 0x71fb0000 of 64 bytes failed: Only part of a ReadProcessMemory or WriteProcessMemory request was completed. (0x12B)
[0823/145900:WARNING:pe_image_reader.cc(281)] could not read dos header from C:\Windows\WinSxS\x86_microsoft.windows.common-controls_6595b64144ccf1df_6.0.7601.18837_none_41e855142bd5705d\COMCTL32.dll
[0823/145900:ERROR:process_reader_win.cc(233)] ReadMemory at 0x771e0000 of 64 bytes failed: Only part of a ReadProcessMemory or WriteProcessMemory request was completed. (0x12B)
[0823/145900:WARNING:pe_image_reader.cc(281)] could not read dos header from C:\Windows\syswow64\COMDLG32.dll
[0823/145900:ERROR:process_reader_win.cc(233)] ReadMemory at 0x773a0000 of 64 bytes failed: Only part of a ReadProcessMemory or WriteProcessMemory request was completed. (0x12B)
[0823/145900:WARNING:pe_image_reader.cc(281)] could not read dos header from C:\Windows\syswow64\ole32.dll
[0823/145900:ERROR:process_reader_win.cc(233)] ReadMemory at 0x76c80000 of 64 bytes failed: Only part of a ReadProcessMemory or WriteProcessMemory request was completed. (0x12B)
[0823/145900:WARNING:pe_image_reader.cc(281)] could not read dos header from C:\Windows\syswow64\OLEAUT32.dll
[0823/145900:ERROR:process_reader_win.cc(233)] ReadMemory at 0x77b90000 of 64 bytes failed: Only part of a ReadProcessMemory or WriteProcessMemory request was completed. (0x12B)
[0823/145900:WARNING:pe_image_reader.cc(281)] could not read dos header from C:\Windows\syswow64\NSI.dll
[0823/145900:ERROR:process_reader_win.cc(233)] ReadMemory at 0x716f0000 of 64 bytes failed: Only part of a ReadProcessMemory or WriteProcessMemory request was completed. (0x12B)
[0823/145900:WARNING:pe_image_reader.cc(281)] could not read dos header from C:\Windows\system32\WINNSI.DLL
[0823/145900:ERROR:process_reader_win.cc(233)] ReadMemory at 0x71700000 of 64 bytes failed: Only part of a ReadProcessMemory or WriteProcessMemory request was completed. (0x12B)
[0823/145900:WARNING:pe_image_reader.cc(281)] could not read dos header from C:\Windows\system32\IPHLPAPI.DLL
[0823/145900:ERROR:process_reader_win.cc(233)] ReadMemory at 0x76eb0000 of 64 bytes failed: Only part of a ReadProcessMemory or WriteProcessMemory request was completed. (0x12B)
[0823/145900:WARNING:pe_image_reader.cc(281)] could not read dos header from C:\Windows\syswow64\WS2_32.dll
[0823/145900:ERROR:process_reader_win.cc(233)] ReadMemory at 0x77720000 of 64 bytes failed: Only part of a ReadProcessMemory or WriteProcessMemory request was completed. (0x12B)
[0823/145900:WARNING:pe_image_reader.cc(281)] could not read dos header from C:\Windows\syswow64\MSASN1.dll
[0823/145900:ERROR:process_reader_win.cc(233)] ReadMemory at 0x77260000 of 64 bytes failed: Only part of a ReadProcessMemory or WriteProcessMemory request was completed. (0x12B)
[0823/145900:WARNING:pe_image_reader.cc(281)] could not read dos header from C:\Windows\syswow64\CRYPT32.dll
[0823/145900:ERROR:process_reader_win.cc(233)] ReadMemory at 0x76d10000 of 64 bytes failed: Only part of a ReadProcessMemory or WriteProcessMemory request was completed. (0x12B)
[0823/145900:WARNING:pe_image_reader.cc(281)] could not read dos header from C:\Windows\syswow64\WINTRUST.dll
[0823/145900:ERROR:process_reader_win.cc(233)] ReadMemory at 0x71470000 of 64 bytes failed: Only part of a ReadProcessMemory or WriteProcessMemory request was completed. (0x12B)
[0823/145900:WARNING:pe_image_reader.cc(281)] could not read dos header from C:\Windows\system32\Secur32.dll
[0823/145900:ERROR:process_reader_win.cc(233)] ReadMemory at 0xff50000 of 64 bytes failed: Only part of a ReadProcessMemory or WriteProcessMemory request was completed. (0x12B)
[0823/145900:WARNING:pe_image_reader.cc(281)] could not read dos header from C:\Program Files (x86)\Google\Chrome\Application\52.0.2743.116\chrome_child.dll
[0823/145900:ERROR:process_reader_win.cc(233)] ReadMemory at 0x69810000 of 64 bytes failed: Only part of a ReadProcessMemory or WriteProcessMemory request was completed. (0x12B)
[0823/145900:WARNING:pe_image_reader.cc(281)] could not read dos header from C:\Windows\system32\dwrite.dll
[0823/145900:ERROR:process_reader_win.cc(233)] ReadMemory at 0x31fbb4 of 12 bytes failed: Only part of a ReadProcessMemory or WriteProcessMemory request was completed. (0x12B)
[0823/145900:WARNING:process_snapshot_win.cc(104)] ReadMemory ExceptionInformation failed
[0823/145900:WARNING:crash_report_exception_handler.cc(60)] ProcessSnapshotWin::InitializeException failed
[0823/145900:ERROR:scoped_process_suspend.cc(38)] NtResumeProcess, ntstatus=-1073741558
